d:\winpcap\wpdpack\examples-pcap\debug\x86\vc142.pdb
d:\winpcap\wpdpack\examples-pcap\debug\x86\vc142.idb
d:\winpcap\wpdpack\examples-pcap\debug\x86\udpdump.obj
d:\winpcap\wpdpack\examples-pcap\debug\x86\udpdump.exe
d:\winpcap\wpdpack\examples-pcap\debug\x86\udpdump.ilk
d:\winpcap\wpdpack\examples-pcap\debug\x86\udpdump.pdb
d:\winpcap\wpdpack\examples-pcap\debug\x86\basic_dump.obj
d:\winpcap\wpdpack\examples-pcap\debug\x86\pktdump_ex.obj
d:\winpcap\wpdpack\examples-pcap\debug\x86\sendpack.obj
d:\winpcap\wpdpack\examples-pcap\debug\x86\basic_dump.ilk
d:\winpcap\wpdpack\examples-pcap\debug\x86\pktdump_ex.ilk
d:\winpcap\wpdpack\examples-pcap\debug\x86\sendpack.ilk
d:\winpcap\wpdpack\examples-pcap\debug\x86\basic_dump.pdb
d:\winpcap\wpdpack\examples-pcap\debug\x86\pktdump_ex.pdb
d:\winpcap\wpdpack\examples-pcap\debug\x86\sendpack.pdb
d:\winpcap\wpdpack\examples-pcap\\debug\x86\udpdump.pdb
d:\winpcap\wpdpack\examples-pcap\\debug\x86\udpdump.exe
d:\winpcap\wpdpack\examples-pcap\\debug\x86\udpdump.ilk
d:\winpcap\wpdpack\examples-pcap\debug\x86\udpdump.tlog\cl.command.1.tlog
d:\winpcap\wpdpack\examples-pcap\debug\x86\udpdump.tlog\cl.read.1.tlog
d:\winpcap\wpdpack\examples-pcap\debug\x86\udpdump.tlog\cl.write.1.tlog
d:\winpcap\wpdpack\examples-pcap\debug\x86\udpdump.tlog\link.command.1.tlog
d:\winpcap\wpdpack\examples-pcap\debug\x86\udpdump.tlog\link.delete.1.tlog
d:\winpcap\wpdpack\examples-pcap\debug\x86\udpdump.tlog\link.read.1.tlog
d:\winpcap\wpdpack\examples-pcap\debug\x86\udpdump.tlog\link.write.1.tlog
